  [1m[35m (0.1ms)[0m  [1m[34mSELECT sqlite_version(*)[0m
  ↳ bin/rails:9
  [1m[35m (1.4ms)[0m  [1m[35mCREATE TABLE "schema_migrations" ("version" varchar NOT NULL PRIMARY KEY)[0m
  ↳ bin/rails:9
  [1m[35m (1.4ms)[0m  [1m[35mCREATE TABLE "ar_internal_metadata" ("key" varchar NOT NULL PRIMARY KEY, "value" varchar, "created_at" datetime NOT NULL, "updated_at" datetime NOT NULL)[0m
  ↳ bin/rails:9
  [1m[35m (0.2ms)[0m  [1m[34mSELECT "schema_migrations"."version" FROM "schema_migrations" ORDER BY "schema_migrations"."version" ASC[0m
  ↳ bin/rails:9
Migrating to CreateUsers (20180503132057)
  [1m[35m (0.1ms)[0m  [1m[36mbegin transaction[0m
  ↳ bin/rails:9
  [1m[35m (0.5ms)[0m  [1m[35mCREATE TABLE "users" ("id" integer PRIMARY KEY AUTOINCREMENT NOT NULL, "name" varchar, "created_at" datetime NOT NULL, "updated_at" datetime NOT NULL)[0m
  ↳ db/migrate/20180503132057_create_users.rb:3
  [1m[36mActiveRecord::SchemaMigration Create (0.2ms)[0m  [1m[32mINSERT INTO "schema_migrations" ("version") VALUES (?)[0m  [["version", "20180503132057"]]
  ↳ bin/rails:9
  [1m[35m (0.9ms)[0m  [1m[36mcommit transaction[0m
  ↳ bin/rails:9
Migrating to CreateEvents (20180503132304)
  [1m[35m (0.0ms)[0m  [1m[36mbegin transaction[0m
  ↳ bin/rails:9
  [1m[35m (0.3ms)[0m  [1m[35mCREATE TABLE "events" ("id" integer PRIMARY KEY AUTOINCREMENT NOT NULL, "description" text, "date" datetime, "place" varchar, "created_at" datetime NOT NULL, "updated_at" datetime NOT NULL)[0m
  ↳ db/migrate/20180503132304_create_events.rb:3
  [1m[36mActiveRecord::SchemaMigration Create (0.1ms)[0m  [1m[32mINSERT INTO "schema_migrations" ("version") VALUES (?)[0m  [["version", "20180503132304"]]
  ↳ bin/rails:9
  [1m[35m (0.8ms)[0m  [1m[36mcommit transaction[0m
  ↳ bin/rails:9
  [1m[36mActiveRecord::InternalMetadata Load (0.2ms)[0m  [1m[34mSELECT  "ar_internal_metadata".* FROM "ar_internal_metadata" WHERE "ar_internal_metadata"."key" = ? LIMIT ?[0m  [["key", "environment"], ["LIMIT", 1]]
  ↳ bin/rails:9
  [1m[35m (0.0ms)[0m  [1m[36mbegin transaction[0m
  ↳ bin/rails:9
  [1m[36mActiveRecord::InternalMetadata Create (0.3ms)[0m  [1m[32mINSERT INTO "ar_internal_metadata" ("key", "value", "created_at", "updated_at") VALUES (?, ?, ?, ?)[0m  [["key", "environment"], ["value", "development"], ["created_at", "2018-05-03 13:23:21.826500"], ["updated_at", "2018-05-03 13:23:21.826500"]]
  ↳ bin/rails:9
  [1m[35m (1.1ms)[0m  [1m[36mcommit transaction[0m
  ↳ bin/rails:9
  [1m[35m (0.1ms)[0m  [1m[34mSELECT "schema_migrations"."version" FROM "schema_migrations" ORDER BY "schema_migrations"."version" ASC[0m
  ↳ bin/rails:9
  [1m[35m (0.2ms)[0m  [1m[34mSELECT "schema_migrations"."version" FROM "schema_migrations" ORDER BY "schema_migrations"."version" ASC[0m
  ↳ bin/rails:9
  [1m[36mActiveRecord::InternalMetadata Load (0.4ms)[0m  [1m[34mSELECT  "ar_internal_metadata".* FROM "ar_internal_metadata" WHERE "ar_internal_metadata"."key" = ? LIMIT ?[0m  [["key", "environment"], ["LIMIT", 1]]
  ↳ bin/rails:9
  [1m[35m (0.0ms)[0m  [1m[36mbegin transaction[0m
  ↳ bin/rails:9
  [1m[35m (0.0ms)[0m  [1m[36mcommit transaction[0m
  ↳ bin/rails:9
  [1m[35m (0.1ms)[0m  [1m[34mSELECT "schema_migrations"."version" FROM "schema_migrations" ORDER BY "schema_migrations"."version" ASC[0m
  ↳ bin/rails:9
  [1m[35m (0.1ms)[0m  [1m[34mSELECT "schema_migrations"."version" FROM "schema_migrations" ORDER BY "schema_migrations"."version" ASC[0m
  ↳ bin/rails:9
  [1m[35m (0.3ms)[0m  [1m[34mSELECT "schema_migrations"."version" FROM "schema_migrations" ORDER BY "schema_migrations"."version" ASC[0m
  ↳ bin/rails:9
  [1m[36mActiveRecord::InternalMetadata Load (0.9ms)[0m  [1m[34mSELECT  "ar_internal_metadata".* FROM "ar_internal_metadata" WHERE "ar_internal_metadata"."key" = ? LIMIT ?[0m  [["key", "environment"], ["LIMIT", 1]]
  ↳ bin/rails:9
  [1m[35m (0.1ms)[0m  [1m[36mbegin transaction[0m
  ↳ bin/rails:9
  [1m[35m (0.0ms)[0m  [1m[36mcommit transaction[0m
  ↳ bin/rails:9
  [1m[35m (0.1ms)[0m  [1m[34mSELECT "schema_migrations"."version" FROM "schema_migrations" ORDER BY "schema_migrations"."version" ASC[0m
  ↳ bin/rails:9
  [1m[36mEvent Load (2.2ms)[0m  [1m[34mSELECT "events".* FROM "events"[0m
  [1m[36mUser Load (0.6ms)[0m  [1m[34mSELECT "users".* FROM "users"[0m
Started GET "/" for 127.0.0.1 at 2018-05-03 18:11:26 +0200
  [1m[35m (0.7ms)[0m  [1m[34mSELECT "schema_migrations"."version" FROM "schema_migrations" ORDER BY "schema_migrations"."version" ASC[0m
  ↳ /Users/geraldy/.rvm/gems/ruby-2.4.0/gems/activerecord-5.2.0/lib/active_record/log_subscriber.rb:98
Processing by Rails::WelcomeController#index as HTML
  Rendering /Users/geraldy/.rvm/gems/ruby-2.4.0/gems/railties-5.2.0/lib/rails/templates/rails/welcome/index.html.erb
  Rendered /Users/geraldy/.rvm/gems/ruby-2.4.0/gems/railties-5.2.0/lib/rails/templates/rails/welcome/index.html.erb (13.4ms)
Completed 200 OK in 34ms (Views: 21.7ms | ActiveRecord: 0.0ms)


Started GET "/users/new" for 127.0.0.1 at 2018-05-03 18:11:37 +0200
Processing by UsersController#new as HTML
  Rendering users/new.html.erb within layouts/application
  Rendered users/new.html.erb within layouts/application (0.3ms)
Completed 200 OK in 683ms (Views: 677.2ms | ActiveRecord: 0.0ms)


  [1m[35m (0.5ms)[0m  [1m[34mSELECT "schema_migrations"."version" FROM "schema_migrations" ORDER BY "schema_migrations"."version" ASC[0m
  ↳ bin/rails:9
  [1m[36mActiveRecord::InternalMetadata Load (0.6ms)[0m  [1m[34mSELECT  "ar_internal_metadata".* FROM "ar_internal_metadata" WHERE "ar_internal_metadata"."key" = ? LIMIT ?[0m  [["key", "environment"], ["LIMIT", 1]]
  ↳ bin/rails:9
  [1m[35m (0.1ms)[0m  [1m[36mbegin transaction[0m
  ↳ bin/rails:9
  [1m[35m (0.0ms)[0m  [1m[36mcommit transaction[0m
  ↳ bin/rails:9
  [1m[35m (0.1ms)[0m  [1m[34mSELECT "schema_migrations"."version" FROM "schema_migrations" ORDER BY "schema_migrations"."version" ASC[0m
  ↳ bin/rails:9
  [1m[35m (0.3ms)[0m  [1m[34mSELECT "schema_migrations"."version" FROM "schema_migrations" ORDER BY "schema_migrations"."version" ASC[0m
  ↳ bin/rails:9
Started GET "/users/new" for 127.0.0.1 at 2018-05-03 18:29:43 +0200
Processing by UsersController#new as HTML
  Rendering users/new.html.erb within layouts/application
  Rendered users/new.html.erb within layouts/application (0.4ms)
Completed 200 OK in 51ms (Views: 45.3ms | ActiveRecord: 0.0ms)


Started GET "/users/new" for 127.0.0.1 at 2018-05-03 18:30:07 +0200
Processing by UsersController#new as HTML
  Rendering users/new.html.erb within layouts/application
  Rendered users/new.html.erb within layouts/application (0.7ms)
Completed 200 OK in 36ms (Views: 30.6ms | ActiveRecord: 0.0ms)


Started GET "/users/new" for 127.0.0.1 at 2018-05-03 18:30:38 +0200
Processing by UsersController#new as HTML
  Rendering users/new.html.erb within layouts/application
  Rendered users/new.html.erb within layouts/application (0.3ms)
Completed 200 OK in 41ms (Views: 34.0ms | ActiveRecord: 0.0ms)


Started GET "/users/new" for 127.0.0.1 at 2018-05-03 18:32:08 +0200
Processing by UsersController#new as HTML
  Rendering users/new.html.erb within layouts/application
  Rendered users/new.html.erb within layouts/application (0.5ms)
Completed 200 OK in 90ms (Views: 83.0ms | ActiveRecord: 0.0ms)


Started GET "/users/new" for 127.0.0.1 at 2018-05-03 18:33:08 +0200
Processing by UsersController#new as HTML
  Rendering users/new.html.erb within layouts/application
  Rendered users/new.html.erb within layouts/application (0.4ms)
Completed 200 OK in 43ms (Views: 37.5ms | ActiveRecord: 0.0ms)


Started GET "/" for 127.0.0.1 at 2018-05-03 18:37:41 +0200
Processing by Rails::WelcomeController#index as HTML
  Rendering /Users/geraldy/.rvm/gems/ruby-2.4.0/gems/railties-5.2.0/lib/rails/templates/rails/welcome/index.html.erb
  Rendered /Users/geraldy/.rvm/gems/ruby-2.4.0/gems/railties-5.2.0/lib/rails/templates/rails/welcome/index.html.erb (2.4ms)
Completed 200 OK in 9ms (Views: 5.2ms | ActiveRecord: 0.0ms)


Started GET "/users/new" for 127.0.0.1 at 2018-05-03 18:37:50 +0200
Processing by UsersController#new as HTML
  Rendering users/new.html.erb within layouts/application
  Rendered users/new.html.erb within layouts/application (292.1ms)
Completed 500 Internal Server Error in 311ms (ActiveRecord: 0.0ms)



NameError - undefined local variable or method `create_new_path' for #<#<Class:0x007fb0a2534c88>:0x007fb0a3171528>:
  app/views/users/new.html.erb:13:in `_app_views_users_new_html_erb__4196555318085011890_70198313586520'

Started POST "/__better_errors/09bc81f7bd2b96b0/variables" for 127.0.0.1 at 2018-05-03 18:37:51 +0200
Started GET "/users/new" for 127.0.0.1 at 2018-05-03 18:41:28 +0200
Processing by UsersController#new as HTML
  Rendering users/new.html.erb within layouts/application
  Rendered users/new.html.erb within layouts/application (1.0ms)
Completed 200 OK in 48ms (Views: 42.4ms | ActiveRecord: 0.0ms)


Started GET "/users/new" for 127.0.0.1 at 2018-05-03 18:42:24 +0200
Processing by UsersController#new as HTML
  Rendering users/new.html.erb within layouts/application
  Rendered users/new.html.erb within layouts/application (0.5ms)
Completed 200 OK in 31ms (Views: 25.2ms | ActiveRecord: 0.0ms)


Started GET "/users/new" for 127.0.0.1 at 2018-05-03 18:42:32 +0200
Processing by UsersController#new as HTML
  Rendering users/new.html.erb within layouts/application
  Rendered users/new.html.erb within layouts/application (0.5ms)
Completed 200 OK in 29ms (Views: 23.8ms | ActiveRecord: 0.0ms)


Started GET "/users/new" for 127.0.0.1 at 2018-05-03 18:43:00 +0200
Processing by UsersController#new as HTML
  Rendering users/new.html.erb within layouts/application
  Rendered users/new.html.erb within layouts/application (0.6ms)
Completed 200 OK in 36ms (Views: 31.1ms | ActiveRecord: 0.0ms)


Started GET "/users/new" for 127.0.0.1 at 2018-05-03 18:43:13 +0200
Processing by UsersController#new as HTML
  Rendering users/new.html.erb within layouts/application
  Rendered users/new.html.erb within layouts/application (1.3ms)
Completed 500 Internal Server Error in 21ms (ActiveRecord: 0.0ms)



SyntaxError - syntax error, unexpected keyword_class, expecting ')'
ppend=( link_to "Submit" class: "btn btn-primary" );@output_
                              ^:
  app/views/users/new.html.erb:13:in `'

Started POST "/__better_errors/2472668b9c5e2ca5/variables" for 127.0.0.1 at 2018-05-03 18:43:13 +0200
Started GET "/users/new" for 127.0.0.1 at 2018-05-03 18:43:45 +0200
Processing by UsersController#new as HTML
  Rendering users/new.html.erb within layouts/application
  Rendered users/new.html.erb within layouts/application (0.8ms)
Completed 200 OK in 44ms (Views: 37.7ms | ActiveRecord: 0.0ms)


Started GET "/users/new" for 127.0.0.1 at 2018-05-03 18:43:56 +0200
Processing by UsersController#new as HTML
  Rendering users/new.html.erb within layouts/application
  Rendered users/new.html.erb within layouts/application (0.5ms)
Completed 200 OK in 33ms (Views: 27.9ms | ActiveRecord: 0.0ms)


Started GET "/users/new" for 127.0.0.1 at 2018-05-03 18:44:14 +0200
Processing by UsersController#new as HTML
  Rendering users/new.html.erb within layouts/application
  Rendered users/new.html.erb within layouts/application (0.8ms)
Completed 200 OK in 46ms (Views: 40.1ms | ActiveRecord: 0.0ms)


Started GET "/users/new" for 127.0.0.1 at 2018-05-03 18:44:25 +0200
Processing by UsersController#new as HTML
  Rendering users/new.html.erb within layouts/application
  Rendered users/new.html.erb within layouts/application (0.6ms)
Completed 200 OK in 31ms (Views: 25.9ms | ActiveRecord: 0.0ms)


Started GET "/users/new" for 127.0.0.1 at 2018-05-03 18:45:05 +0200
Processing by UsersController#new as HTML
  Rendering users/new.html.erb within layouts/application
  Rendered users/new.html.erb within layouts/application (0.6ms)
Completed 200 OK in 31ms (Views: 25.4ms | ActiveRecord: 0.0ms)


  [1m[35m (0.5ms)[0m  [1m[34mSELECT "schema_migrations"."version" FROM "schema_migrations" ORDER BY "schema_migrations"."version" ASC[0m
  ↳ bin/rails:9
  [1m[36mActiveRecord::InternalMetadata Load (0.7ms)[0m  [1m[34mSELECT  "ar_internal_metadata".* FROM "ar_internal_metadata" WHERE "ar_internal_metadata"."key" = ? LIMIT ?[0m  [["key", "environment"], ["LIMIT", 1]]
  ↳ bin/rails:9
  [1m[35m (0.1ms)[0m  [1m[36mbegin transaction[0m
  ↳ bin/rails:9
  [1m[35m (0.0ms)[0m  [1m[36mcommit transaction[0m
  ↳ bin/rails:9
  [1m[35m (0.1ms)[0m  [1m[34mSELECT "schema_migrations"."version" FROM "schema_migrations" ORDER BY "schema_migrations"."version" ASC[0m
  ↳ bin/rails:9
  [1m[35m (0.1ms)[0m  [1m[34mSELECT "schema_migrations"."version" FROM "schema_migrations" ORDER BY "schema_migrations"."version" ASC[0m
  ↳ bin/rails:9
  [1m[36mUser Load (0.9ms)[0m  [1m[34mSELECT "users".* FROM "users"[0m
  [1m[36mEvent Load (0.5ms)[0m  [1m[34mSELECT "events".* FROM "events"[0m
  [1m[35m (0.3ms)[0m  [1m[34mSELECT "schema_migrations"."version" FROM "schema_migrations" ORDER BY "schema_migrations"."version" ASC[0m
  ↳ bin/rails:9
  [1m[36mActiveRecord::InternalMetadata Load (0.8ms)[0m  [1m[34mSELECT  "ar_internal_metadata".* FROM "ar_internal_metadata" WHERE "ar_internal_metadata"."key" = ? LIMIT ?[0m  [["key", "environment"], ["LIMIT", 1]]
  ↳ bin/rails:9
  [1m[35m (0.1ms)[0m  [1m[36mbegin transaction[0m
  ↳ bin/rails:9
  [1m[35m (0.0ms)[0m  [1m[36mcommit transaction[0m
  ↳ bin/rails:9
  [1m[35m (0.2ms)[0m  [1m[34mSELECT "schema_migrations"."version" FROM "schema_migrations" ORDER BY "schema_migrations"."version" ASC[0m
  ↳ bin/rails:9
  [1m[35m (0.1ms)[0m  [1m[34mSELECT "schema_migrations"."version" FROM "schema_migrations" ORDER BY "schema_migrations"."version" ASC[0m
  ↳ bin/rails:9
  [1m[36mUser Load (0.7ms)[0m  [1m[34mSELECT "users".* FROM "users"[0m
  ↳ db/seeds.rb:9
  [1m[36mEvent Load (0.6ms)[0m  [1m[34mSELECT "events".* FROM "events"[0m
  ↳ db/seeds.rb:10
  [1m[35m (0.0ms)[0m  [1m[36mbegin transaction[0m
  ↳ db/seeds.rb:11
  [1m[36mUser Create (1.1ms)[0m  [1m[32mINSERT INTO "users" ("name", "created_at", "updated_at") VALUES (?, ?, ?)[0m  [["name", "Geraldy"], ["created_at", "2018-05-03 17:48:48.306350"], ["updated_at", "2018-05-03 17:48:48.306350"]]
  ↳ db/seeds.rb:11
  [1m[35m (0.9ms)[0m  [1m[36mcommit transaction[0m
  ↳ db/seeds.rb:11
  [1m[35m (0.1ms)[0m  [1m[36mbegin transaction[0m
  ↳ db/seeds.rb:11
  [1m[36mUser Create (0.4ms)[0m  [1m[32mINSERT INTO "users" ("name", "created_at", "updated_at") VALUES (?, ?, ?)[0m  [["name", "Caroline"], ["created_at", "2018-05-03 17:48:48.310745"], ["updated_at", "2018-05-03 17:48:48.310745"]]
  ↳ db/seeds.rb:11
  [1m[35m (1.1ms)[0m  [1m[36mcommit transaction[0m
  ↳ db/seeds.rb:11
  [1m[35m (0.0ms)[0m  [1m[36mbegin transaction[0m
  ↳ db/seeds.rb:13
  [1m[35m (0.1ms)[0m  [1m[31mrollback transaction[0m
  ↳ db/seeds.rb:13
  [1m[36mUser Load (0.6ms)[0m  [1m[34mSELECT "users".* FROM "users"[0m
  [1m[36mEvent Load (0.2ms)[0m  [1m[34mSELECT "events".* FROM "events"[0m
  [1m[36mEvent Load (0.2ms)[0m  [1m[34mSELECT "events".* FROM "events"[0m
  [1m[35m (0.1ms)[0m  [1m[34mSELECT "schema_migrations"."version" FROM "schema_migrations" ORDER BY "schema_migrations"."version" ASC[0m
  ↳ bin/rails:9
  [1m[36mActiveRecord::InternalMetadata Load (0.1ms)[0m  [1m[34mSELECT  "ar_internal_metadata".* FROM "ar_internal_metadata" WHERE "ar_internal_metadata"."key" = ? LIMIT ?[0m  [["key", "environment"], ["LIMIT", 1]]
  ↳ bin/rails:9
  [1m[35m (0.0ms)[0m  [1m[36mbegin transaction[0m
  ↳ bin/rails:9
  [1m[35m (0.0ms)[0m  [1m[36mcommit transaction[0m
  ↳ bin/rails:9
  [1m[35m (0.1ms)[0m  [1m[34mSELECT "schema_migrations"."version" FROM "schema_migrations" ORDER BY "schema_migrations"."version" ASC[0m
  ↳ bin/rails:9
  [1m[35m (0.2ms)[0m  [1m[34mSELECT "schema_migrations"."version" FROM "schema_migrations" ORDER BY "schema_migrations"."version" ASC[0m
  ↳ bin/rails:9
  [1m[36mUser Load (0.2ms)[0m  [1m[34mSELECT "users".* FROM "users"[0m
  ↳ db/seeds.rb:9
  [1m[35m (0.0ms)[0m  [1m[36mbegin transaction[0m
  ↳ db/seeds.rb:9
  [1m[35m (0.1ms)[0m  [1m[31mrollback transaction[0m
  ↳ db/seeds.rb:9
Started GET "/users/new" for 127.0.0.1 at 2018-05-04 00:29:03 +0200
  [1m[35m (0.6ms)[0m  [1m[34mSELECT "schema_migrations"."version" FROM "schema_migrations" ORDER BY "schema_migrations"."version" ASC[0m
  ↳ /Users/geraldy/.rvm/gems/ruby-2.4.0/gems/activerecord-5.2.0/lib/active_record/log_subscriber.rb:98
Processing by UsersController#new as HTML
  Rendering users/new.html.erb within layouts/application
  Rendered users/new.html.erb within layouts/application (4.0ms)
Completed 200 OK in 70ms (Views: 59.2ms | ActiveRecord: 0.0ms)


Started GET "/users/new" for 127.0.0.1 at 2018-05-04 00:29:22 +0200
Processing by UsersController#new as HTML
  Rendering users/new.html.erb within layouts/application
  Rendered users/new.html.erb within layouts/application (0.7ms)
Completed 200 OK in 64ms (Views: 56.6ms | ActiveRecord: 0.0ms)


Started GET "/users/new" for 127.0.0.1 at 2018-05-04 00:29:25 +0200
Processing by UsersController#new as HTML
  Rendering users/new.html.erb within layouts/application
  Rendered users/new.html.erb within layouts/application (0.7ms)
Completed 200 OK in 42ms (Views: 34.6ms | ActiveRecord: 0.0ms)


Started GET "/users/new" for 127.0.0.1 at 2018-05-04 00:39:24 +0200
  [1m[35m (0.2ms)[0m  [1m[34mSELECT "schema_migrations"."version" FROM "schema_migrations" ORDER BY "schema_migrations"."version" ASC[0m
  ↳ /Users/geraldy/.rvm/gems/ruby-2.4.0/gems/activerecord-5.2.0/lib/active_record/log_subscriber.rb:98
Processing by UsersController#new as HTML
  Rendering users/new.html.erb within layouts/application
  Rendered users/new.html.erb within layouts/application (2.2ms)
Completed 200 OK in 227ms (Views: 213.2ms | ActiveRecord: 0.0ms)


Started GET "/users/new" for 127.0.0.1 at 2018-05-04 00:42:46 +0200
Processing by UsersController#new as HTML
  Rendering users/new.html.erb within layouts/application
  Rendered users/new.html.erb within layouts/application (0.6ms)
Completed 200 OK in 29ms (Views: 24.5ms | ActiveRecord: 0.0ms)


Started GET "/users/new" for 127.0.0.1 at 2018-05-04 00:47:33 +0200
Processing by UsersController#new as HTML
  Rendering users/new.html.erb within layouts/application
  Rendered users/new.html.erb within layouts/application (0.6ms)
Completed 200 OK in 29ms (Views: 24.2ms | ActiveRecord: 0.0ms)


Started GET "/users/new" for 127.0.0.1 at 2018-05-04 00:48:27 +0200
Processing by UsersController#new as HTML
  Rendering users/new.html.erb within layouts/application
  Rendered users/new.html.erb within layouts/application (0.5ms)
Completed 200 OK in 30ms (Views: 25.1ms | ActiveRecord: 0.0ms)


Started GET "/users/eventbrite-s3.s3.amazonaws.com/marketing/landingpages/sem/SEM_landing_pages_4.jpg" for 127.0.0.1 at 2018-05-04 00:48:27 +0200
  
ActionController::RoutingError (No route matches [GET] "/users/eventbrite-s3.s3.amazonaws.com/marketing/landingpages/sem/SEM_landing_pages_4.jpg"):
  
actionpack (5.2.0) lib/action_dispatch/middleware/debug_exceptions.rb:65:in `call'
web-console (3.6.2) lib/web_console/middleware.rb:135:in `call_app'
web-console (3.6.2) lib/web_console/middleware.rb:30:in `block in call'
web-console (3.6.2) lib/web_console/middleware.rb:20:in `catch'
web-console (3.6.2) lib/web_console/middleware.rb:20:in `call'
actionpack (5.2.0) lib/action_dispatch/middleware/show_exceptions.rb:33:in `call'
railties (5.2.0) lib/rails/rack/logger.rb:38:in `call_app'
railties (5.2.0) lib/rails/rack/logger.rb:26:in `block in call'
activesupport (5.2.0) lib/active_support/tagged_logging.rb:71:in `block in tagged'
activesupport (5.2.0) lib/active_support/tagged_logging.rb:28:in `tagged'
activesupport (5.2.0) lib/active_support/tagged_logging.rb:71:in `tagged'
railties (5.2.0) lib/rails/rack/logger.rb:26:in `call'
sprockets-rails (3.2.1) lib/sprockets/rails/quiet_assets.rb:13:in `call'
actionpack (5.2.0) lib/action_dispatch/middleware/remote_ip.rb:81:in `call'
actionpack (5.2.0) lib/action_dispatch/middleware/request_id.rb:27:in `call'
rack (2.0.5) lib/rack/method_override.rb:22:in `call'
rack (2.0.5) lib/rack/runtime.rb:22:in `call'
activesupport (5.2.0) lib/active_support/cache/strategy/local_cache_middleware.rb:29:in `call'
actionpack (5.2.0) lib/action_dispatch/middleware/executor.rb:14:in `call'
actionpack (5.2.0) lib/action_dispatch/middleware/static.rb:127:in `call'
rack (2.0.5) lib/rack/sendfile.rb:111:in `call'
railties (5.2.0) lib/rails/engine.rb:524:in `call'
puma (3.11.4) lib/puma/configuration.rb:225:in `call'
puma (3.11.4) lib/puma/server.rb:632:in `handle_request'
puma (3.11.4) lib/puma/server.rb:446:in `process_client'
puma (3.11.4) lib/puma/server.rb:306:in `block in run'
puma (3.11.4) lib/puma/thread_pool.rb:120:in `block in spawn_thread'
Started GET "/users/new" for 127.0.0.1 at 2018-05-04 00:49:43 +0200
Processing by UsersController#new as HTML
  Rendering users/new.html.erb within layouts/application
  Rendered users/new.html.erb within layouts/application (0.5ms)
Completed 200 OK in 34ms (Views: 25.5ms | ActiveRecord: 0.0ms)


Started GET "/users/new" for 127.0.0.1 at 2018-05-04 00:50:03 +0200
Processing by UsersController#new as HTML
  Rendering users/new.html.erb within layouts/application
  Rendered users/new.html.erb within layouts/application (0.5ms)
Completed 200 OK in 33ms (Views: 27.2ms | ActiveRecord: 0.0ms)


Started GET "/users/new" for 127.0.0.1 at 2018-05-04 00:50:29 +0200
Processing by UsersController#new as HTML
  Rendering users/new.html.erb within layouts/application
  Rendered users/new.html.erb within layouts/application (0.5ms)
Completed 200 OK in 27ms (Views: 22.9ms | ActiveRecord: 0.0ms)


Started GET "/users/new" for 127.0.0.1 at 2018-05-04 00:52:17 +0200
Processing by UsersController#new as HTML
  Rendering users/new.html.erb within layouts/application
  Rendered users/new.html.erb within layouts/application (0.5ms)
Completed 200 OK in 27ms (Views: 22.8ms | ActiveRecord: 0.0ms)


Started GET "/users/new" for 127.0.0.1 at 2018-05-04 00:52:26 +0200
Processing by UsersController#new as HTML
  Rendering users/new.html.erb within layouts/application
  Rendered users/new.html.erb within layouts/application (0.5ms)
Completed 200 OK in 27ms (Views: 22.5ms | ActiveRecord: 0.0ms)


Started GET "/users/new" for 127.0.0.1 at 2018-05-04 00:52:38 +0200
Processing by UsersController#new as HTML
  Rendering users/new.html.erb within layouts/application
  Rendered users/new.html.erb within layouts/application (0.7ms)
Completed 200 OK in 32ms (Views: 25.6ms | ActiveRecord: 0.0ms)


Started GET "/users/new" for 127.0.0.1 at 2018-05-04 00:53:38 +0200
Processing by UsersController#new as HTML
  Rendering users/new.html.erb within layouts/application
  Rendered users/new.html.erb within layouts/application (0.7ms)
Completed 200 OK in 44ms (Views: 39.7ms | ActiveRecord: 0.0ms)


Started GET "/users/new" for 127.0.0.1 at 2018-05-04 00:53:56 +0200
Processing by UsersController#new as HTML
  Rendering users/new.html.erb within layouts/application
  Rendered users/new.html.erb within layouts/application (0.5ms)
Completed 200 OK in 30ms (Views: 24.9ms | ActiveRecord: 0.0ms)


Started GET "/users/new" for 127.0.0.1 at 2018-05-04 00:54:05 +0200
Processing by UsersController#new as HTML
  Rendering users/new.html.erb within layouts/application
  Rendered users/new.html.erb within layouts/application (0.6ms)
Completed 200 OK in 35ms (Views: 30.3ms | ActiveRecord: 0.0ms)


Started GET "/users/new" for 127.0.0.1 at 2018-05-04 00:54:31 +0200
Processing by UsersController#new as HTML
  Rendering users/new.html.erb within layouts/application
  Rendered users/new.html.erb within layouts/application (0.9ms)
Completed 200 OK in 32ms (Views: 25.7ms | ActiveRecord: 0.0ms)


Started GET "/users/new" for 127.0.0.1 at 2018-05-04 00:55:53 +0200
Processing by UsersController#new as HTML
  Rendering users/new.html.erb within layouts/application
  Rendered users/new.html.erb within layouts/application (0.6ms)
Completed 200 OK in 33ms (Views: 26.2ms | ActiveRecord: 0.0ms)


Started GET "/users/new" for 127.0.0.1 at 2018-05-04 00:56:12 +0200
Processing by UsersController#new as HTML
  Rendering users/new.html.erb within layouts/application
  Rendered users/new.html.erb within layouts/application (0.7ms)
Completed 200 OK in 36ms (Views: 29.1ms | ActiveRecord: 0.0ms)


Started GET "/users/new" for 127.0.0.1 at 2018-05-04 00:56:54 +0200
Processing by UsersController#new as HTML
  Rendering users/new.html.erb within layouts/application
  Rendered users/new.html.erb within layouts/application (0.6ms)
Completed 200 OK in 36ms (Views: 30.2ms | ActiveRecord: 0.0ms)


Started GET "/users/new" for 127.0.0.1 at 2018-05-04 00:57:25 +0200
Processing by UsersController#new as HTML
  Rendering users/new.html.erb within layouts/application
  Rendered users/new.html.erb within layouts/application (0.8ms)
Completed 200 OK in 37ms (Views: 31.8ms | ActiveRecord: 0.0ms)


Started GET "/users/new" for 127.0.0.1 at 2018-05-04 00:58:25 +0200
Processing by UsersController#new as HTML
  Rendering users/new.html.erb within layouts/application
  Rendered users/new.html.erb within layouts/application (0.7ms)
Completed 200 OK in 34ms (Views: 29.8ms | ActiveRecord: 0.0ms)


Started GET "/users/new" for 127.0.0.1 at 2018-05-04 00:59:51 +0200
Processing by UsersController#new as HTML
  Rendering users/new.html.erb within layouts/application
  Rendered users/new.html.erb within layouts/application (0.6ms)
Completed 200 OK in 29ms (Views: 24.2ms | ActiveRecord: 0.0ms)


Started GET "/users/new" for 127.0.0.1 at 2018-05-04 01:01:24 +0200
Processing by UsersController#new as HTML
  Rendering users/new.html.erb within layouts/application
  Rendered users/new.html.erb within layouts/application (0.6ms)
Completed 200 OK in 34ms (Views: 28.7ms | ActiveRecord: 0.0ms)


Started GET "/users/new" for 127.0.0.1 at 2018-05-04 01:03:47 +0200
Processing by UsersController#new as HTML
  Rendering users/new.html.erb within layouts/application
  Rendered users/new.html.erb within layouts/application (0.5ms)
Completed 200 OK in 36ms (Views: 30.9ms | ActiveRecord: 0.0ms)


Started GET "/users/new" for 127.0.0.1 at 2018-05-04 01:05:23 +0200
Processing by UsersController#new as HTML
  Rendering users/new.html.erb within layouts/application
  Rendered users/new.html.erb within layouts/application (0.8ms)
Completed 200 OK in 49ms (Views: 43.8ms | ActiveRecord: 0.0ms)


Started GET "/users/new" for 127.0.0.1 at 2018-05-04 01:06:29 +0200
Processing by UsersController#new as HTML
  Rendering users/new.html.erb within layouts/application
  Rendered users/new.html.erb within layouts/application (0.5ms)
Completed 200 OK in 38ms (Views: 32.3ms | ActiveRecord: 0.0ms)


Started GET "/users/new" for 127.0.0.1 at 2018-05-04 01:06:39 +0200
Processing by UsersController#new as HTML
  Rendering users/new.html.erb within layouts/application
  Rendered users/new.html.erb within layouts/application (0.6ms)
Completed 200 OK in 34ms (Views: 29.6ms | ActiveRecord: 0.0ms)


Started GET "/users/new" for 127.0.0.1 at 2018-05-04 01:06:55 +0200
Processing by UsersController#new as HTML
  Rendering users/new.html.erb within layouts/application
  Rendered users/new.html.erb within layouts/application (0.6ms)
Completed 200 OK in 38ms (Views: 32.1ms | ActiveRecord: 0.0ms)


Started GET "/users/new" for 127.0.0.1 at 2018-05-04 01:08:00 +0200
Processing by UsersController#new as HTML
  Rendering users/new.html.erb within layouts/application
  Rendered users/new.html.erb within layouts/application (0.6ms)
Completed 200 OK in 40ms (Views: 34.6ms | ActiveRecord: 0.0ms)


Started GET "/users/new" for 127.0.0.1 at 2018-05-04 01:08:19 +0200
Processing by UsersController#new as HTML
  Rendering users/new.html.erb within layouts/application
  Rendered users/new.html.erb within layouts/application (0.6ms)
Completed 200 OK in 40ms (Views: 33.8ms | ActiveRecord: 0.0ms)


Started GET "/users/new" for 127.0.0.1 at 2018-05-04 01:08:35 +0200
Processing by UsersController#new as HTML
  Rendering users/new.html.erb within layouts/application
  Rendered users/new.html.erb within layouts/application (0.6ms)
Completed 200 OK in 29ms (Views: 24.1ms | ActiveRecord: 0.0ms)


Started GET "/users/new" for 127.0.0.1 at 2018-05-04 01:09:43 +0200
Processing by UsersController#new as HTML
  Rendering users/new.html.erb within layouts/application
  Rendered users/new.html.erb within layouts/application (0.6ms)
Completed 200 OK in 36ms (Views: 31.4ms | ActiveRecord: 0.0ms)


Started GET "/users/new" for 127.0.0.1 at 2018-05-04 01:10:31 +0200
Processing by UsersController#new as HTML
  Rendering users/new.html.erb within layouts/application
  Rendered users/new.html.erb within layouts/application (0.6ms)
Completed 200 OK in 37ms (Views: 31.8ms | ActiveRecord: 0.0ms)


Started GET "/users/new" for 127.0.0.1 at 2018-05-04 01:11:45 +0200
Processing by UsersController#new as HTML
  Rendering users/new.html.erb within layouts/application
  Rendered users/new.html.erb within layouts/application (0.5ms)
Completed 200 OK in 36ms (Views: 31.1ms | ActiveRecord: 0.0ms)


Started GET "/users/new" for 127.0.0.1 at 2018-05-04 01:12:04 +0200
Processing by UsersController#new as HTML
  Rendering users/new.html.erb within layouts/application
  Rendered users/new.html.erb within layouts/application (0.6ms)
Completed 200 OK in 41ms (Views: 36.4ms | ActiveRecord: 0.0ms)


Started GET "/users/new" for 127.0.0.1 at 2018-05-04 01:12:19 +0200
Processing by UsersController#new as HTML
  Rendering users/new.html.erb within layouts/application
  Rendered users/new.html.erb within layouts/application (0.7ms)
Completed 200 OK in 45ms (Views: 39.3ms | ActiveRecord: 0.0ms)


Started GET "/users/new" for 127.0.0.1 at 2018-05-04 01:13:09 +0200
Processing by UsersController#new as HTML
  Rendering users/new.html.erb within layouts/application
  Rendered users/new.html.erb within layouts/application (0.5ms)
Completed 200 OK in 29ms (Views: 24.7ms | ActiveRecord: 0.0ms)


Started GET "/users/new" for 127.0.0.1 at 2018-05-04 01:14:07 +0200
Processing by UsersController#new as HTML
  Rendering users/new.html.erb within layouts/application
  Rendered users/new.html.erb within layouts/application (0.6ms)
Completed 200 OK in 37ms (Views: 32.1ms | ActiveRecord: 0.0ms)


Started GET "/users/new" for 127.0.0.1 at 2018-05-04 01:14:33 +0200
Processing by UsersController#new as HTML
  Rendering users/new.html.erb within layouts/application
  Rendered users/new.html.erb within layouts/application (0.5ms)
Completed 200 OK in 36ms (Views: 31.6ms | ActiveRecord: 0.0ms)


Started GET "/users/new" for 127.0.0.1 at 2018-05-04 01:14:44 +0200
Processing by UsersController#new as HTML
  Rendering users/new.html.erb within layouts/application
  Rendered users/new.html.erb within layouts/application (0.6ms)
Completed 200 OK in 37ms (Views: 31.7ms | ActiveRecord: 0.0ms)


Started GET "/users/new" for 127.0.0.1 at 2018-05-04 01:15:04 +0200
Processing by UsersController#new as HTML
  Rendering users/new.html.erb within layouts/application
  Rendered users/new.html.erb within layouts/application (0.6ms)
Completed 200 OK in 35ms (Views: 29.7ms | ActiveRecord: 0.0ms)


Started GET "/users/new" for 127.0.0.1 at 2018-05-04 01:16:14 +0200
Processing by UsersController#new as HTML
  Rendering users/new.html.erb within layouts/application
  Rendered users/new.html.erb within layouts/application (0.6ms)
Completed 200 OK in 28ms (Views: 24.0ms | ActiveRecord: 0.0ms)


Started GET "/users/new" for 127.0.0.1 at 2018-05-04 01:16:28 +0200
Processing by UsersController#new as HTML
  Rendering users/new.html.erb within layouts/application
  Rendered users/new.html.erb within layouts/application (0.6ms)
Completed 200 OK in 28ms (Views: 23.3ms | ActiveRecord: 0.0ms)


Started GET "/users/new" for 127.0.0.1 at 2018-05-04 01:17:33 +0200
Processing by UsersController#new as HTML
  Rendering users/new.html.erb within layouts/application
  Rendered users/new.html.erb within layouts/application (0.6ms)
Completed 200 OK in 36ms (Views: 31.4ms | ActiveRecord: 0.0ms)


Started GET "/users/new" for 127.0.0.1 at 2018-05-04 01:17:46 +0200
Processing by UsersController#new as HTML
  Rendering users/new.html.erb within layouts/application
  Rendered users/new.html.erb within layouts/application (0.7ms)
Completed 200 OK in 36ms (Views: 30.8ms | ActiveRecord: 0.0ms)


Started GET "/users/new" for 127.0.0.1 at 2018-05-04 01:18:42 +0200
Processing by UsersController#new as HTML
  Rendering users/new.html.erb within layouts/application
  Rendered users/new.html.erb within layouts/application (0.5ms)
Completed 200 OK in 29ms (Views: 24.5ms | ActiveRecord: 0.0ms)


Started GET "/users/new" for 127.0.0.1 at 2018-05-04 01:19:43 +0200
Processing by UsersController#new as HTML
  Rendering users/new.html.erb within layouts/application
  Rendered users/new.html.erb within layouts/application (0.9ms)
Completed 200 OK in 42ms (Views: 37.3ms | ActiveRecord: 0.0ms)


Started GET "/users/new" for 127.0.0.1 at 2018-05-04 01:20:15 +0200
Processing by UsersController#new as HTML
  Rendering users/new.html.erb within layouts/application
  Rendered users/new.html.erb within layouts/application (0.5ms)
Completed 200 OK in 36ms (Views: 31.1ms | ActiveRecord: 0.0ms)


Started GET "/users/new" for 127.0.0.1 at 2018-05-04 01:20:32 +0200
Processing by UsersController#new as HTML
  Rendering users/new.html.erb within layouts/application
  Rendered users/new.html.erb within layouts/application (1.0ms)
Completed 200 OK in 38ms (Views: 31.9ms | ActiveRecord: 0.0ms)


Started GET "/users/new" for 127.0.0.1 at 2018-05-04 01:21:36 +0200
Processing by UsersController#new as HTML
  Rendering users/new.html.erb within layouts/application
  Rendered users/new.html.erb within layouts/application (0.5ms)
Completed 200 OK in 30ms (Views: 25.0ms | ActiveRecord: 0.0ms)


Started GET "/users/new" for 127.0.0.1 at 2018-05-04 01:22:12 +0200
Processing by UsersController#new as HTML
  Rendering users/new.html.erb within layouts/application
  Rendered users/new.html.erb within layouts/application (0.5ms)
Completed 200 OK in 38ms (Views: 31.8ms | ActiveRecord: 0.0ms)


Started GET "/users/new" for 127.0.0.1 at 2018-05-04 01:22:57 +0200
Processing by UsersController#new as HTML
  Rendering users/new.html.erb within layouts/application
  Rendered users/new.html.erb within layouts/application (0.5ms)
Completed 200 OK in 38ms (Views: 33.1ms | ActiveRecord: 0.0ms)


Started GET "/users/new" for 127.0.0.1 at 2018-05-04 01:24:02 +0200
Processing by UsersController#new as HTML
  Rendering users/new.html.erb within layouts/application
  Rendered users/new.html.erb within layouts/application (0.5ms)
Completed 200 OK in 37ms (Views: 32.5ms | ActiveRecord: 0.0ms)


Started GET "/users/new" for 127.0.0.1 at 2018-05-04 01:24:13 +0200
Processing by UsersController#new as HTML
  Rendering users/new.html.erb within layouts/application
  Rendered users/new.html.erb within layouts/application (0.6ms)
Completed 200 OK in 42ms (Views: 36.3ms | ActiveRecord: 0.0ms)


Started GET "/users/new" for 127.0.0.1 at 2018-05-04 01:24:20 +0200
Processing by UsersController#new as HTML
  Rendering users/new.html.erb within layouts/application
  Rendered users/new.html.erb within layouts/application (0.6ms)
Completed 200 OK in 42ms (Views: 35.6ms | ActiveRecord: 0.0ms)


Started GET "/users/new" for 127.0.0.1 at 2018-05-04 01:25:13 +0200
Processing by UsersController#new as HTML
  Rendering users/new.html.erb within layouts/application
  Rendered users/new.html.erb within layouts/application (0.5ms)
Completed 200 OK in 31ms (Views: 25.4ms | ActiveRecord: 0.0ms)


  [1m[35m (0.1ms)[0m  [1m[34mSELECT "schema_migrations"."version" FROM "schema_migrations" ORDER BY "schema_migrations"."version" ASC[0m
  ↳ bin/rails:9
  [1m[36mActiveRecord::InternalMetadata Load (1.1ms)[0m  [1m[34mSELECT  "ar_internal_metadata".* FROM "ar_internal_metadata" WHERE "ar_internal_metadata"."key" = ? LIMIT ?[0m  [["key", "environment"], ["LIMIT", 1]]
  ↳ bin/rails:9
  [1m[35m (0.1ms)[0m  [1m[36mbegin transaction[0m
  ↳ bin/rails:9
  [1m[35m (0.1ms)[0m  [1m[36mcommit transaction[0m
  ↳ bin/rails:9
  [1m[35m (0.1ms)[0m  [1m[34mSELECT "schema_migrations"."version" FROM "schema_migrations" ORDER BY "schema_migrations"."version" ASC[0m
  ↳ bin/rails:9
  [1m[35m (0.1ms)[0m  [1m[34mSELECT "schema_migrations"."version" FROM "schema_migrations" ORDER BY "schema_migrations"."version" ASC[0m
  ↳ bin/rails:9
  [1m[36mUser Load (0.5ms)[0m  [1m[34mSELECT "users".* FROM "users"[0m
  ↳ db/seeds.rb:9
  [1m[35m (0.0ms)[0m  [1m[36mbegin transaction[0m
  ↳ db/seeds.rb:9
  [1m[35m (0.0ms)[0m  [1m[31mrollback transaction[0m
  ↳ db/seeds.rb:9
Started GET "/users/new" for 127.0.0.1 at 2018-05-04 01:28:01 +0200
Processing by UsersController#new as HTML
  Rendering users/new.html.erb within layouts/application
  Rendered users/new.html.erb within layouts/application (0.8ms)
Completed 200 OK in 30ms (Views: 25.1ms | ActiveRecord: 0.0ms)


Started GET "/" for 127.0.0.1 at 2018-05-04 01:28:05 +0200
Processing by Rails::WelcomeController#index as HTML
  Rendering /Users/geraldy/.rvm/gems/ruby-2.4.0/gems/railties-5.2.0/lib/rails/templates/rails/welcome/index.html.erb
  Rendered /Users/geraldy/.rvm/gems/ruby-2.4.0/gems/railties-5.2.0/lib/rails/templates/rails/welcome/index.html.erb (2.6ms)
Completed 200 OK in 10ms (Views: 5.9ms | ActiveRecord: 0.0ms)


Started GET "/" for 127.0.0.1 at 2018-05-04 01:28:44 +0200

ArgumentError - Missing :controller key on routes definition, please check your routes.:
  config/routes.rb:2:in `block in <main>'
  config/routes.rb:1:in `<main>'

Started POST "/__better_errors/6e8d4992e5d9c845/variables" for 127.0.0.1 at 2018-05-04 01:28:44 +0200
Started GET "/" for 127.0.0.1 at 2018-05-04 01:28:47 +0200
  
ActionController::RoutingError (No route matches [GET] "/"):
  
actionpack (5.2.0) lib/action_dispatch/middleware/debug_exceptions.rb:65:in `call'
web-console (3.6.2) lib/web_console/middleware.rb:135:in `call_app'
web-console (3.6.2) lib/web_console/middleware.rb:30:in `block in call'
web-console (3.6.2) lib/web_console/middleware.rb:20:in `catch'
web-console (3.6.2) lib/web_console/middleware.rb:20:in `call'
actionpack (5.2.0) lib/action_dispatch/middleware/show_exceptions.rb:33:in `call'
railties (5.2.0) lib/rails/rack/logger.rb:38:in `call_app'
railties (5.2.0) lib/rails/rack/logger.rb:26:in `block in call'
activesupport (5.2.0) lib/active_support/tagged_logging.rb:71:in `block in tagged'
activesupport (5.2.0) lib/active_support/tagged_logging.rb:28:in `tagged'
activesupport (5.2.0) lib/active_support/tagged_logging.rb:71:in `tagged'
railties (5.2.0) lib/rails/rack/logger.rb:26:in `call'
sprockets-rails (3.2.1) lib/sprockets/rails/quiet_assets.rb:13:in `call'
actionpack (5.2.0) lib/action_dispatch/middleware/remote_ip.rb:81:in `call'
actionpack (5.2.0) lib/action_dispatch/middleware/request_id.rb:27:in `call'
rack (2.0.5) lib/rack/method_override.rb:22:in `call'
rack (2.0.5) lib/rack/runtime.rb:22:in `call'
activesupport (5.2.0) lib/active_support/cache/strategy/local_cache_middleware.rb:29:in `call'
actionpack (5.2.0) lib/action_dispatch/middleware/executor.rb:14:in `call'
actionpack (5.2.0) lib/action_dispatch/middleware/static.rb:127:in `call'
rack (2.0.5) lib/rack/sendfile.rb:111:in `call'
railties (5.2.0) lib/rails/engine.rb:524:in `call'
puma (3.11.4) lib/puma/configuration.rb:225:in `call'
puma (3.11.4) lib/puma/server.rb:632:in `handle_request'
puma (3.11.4) lib/puma/server.rb:446:in `process_client'
puma (3.11.4) lib/puma/server.rb:306:in `block in run'
puma (3.11.4) lib/puma/thread_pool.rb:120:in `block in spawn_thread'
Started GET "/" for 127.0.0.1 at 2018-05-04 01:29:05 +0200

ArgumentError - Missing :controller key on routes definition, please check your routes.:
  config/routes.rb:2:in `block in <main>'
  config/routes.rb:1:in `<main>'

Started POST "/__better_errors/0e8d03e703d97df8/variables" for 127.0.0.1 at 2018-05-04 01:29:05 +0200
Started GET "/" for 127.0.0.1 at 2018-05-04 01:29:15 +0200
Processing by UsersController#new as HTML
  Rendering users/new.html.erb within layouts/application
  Rendered users/new.html.erb within layouts/application (0.7ms)
Completed 200 OK in 37ms (Views: 29.4ms | ActiveRecord: 0.0ms)


Started GET "/" for 127.0.0.1 at 2018-05-04 01:29:38 +0200
Processing by UsersController#new as HTML
  Rendering users/new.html.erb within layouts/application
  Rendered users/new.html.erb within layouts/application (0.7ms)
Completed 200 OK in 41ms (Views: 32.6ms | ActiveRecord: 0.0ms)


  [1m[35m (0.2ms)[0m  [1m[34mSELECT "schema_migrations"."version" FROM "schema_migrations" ORDER BY "schema_migrations"."version" ASC[0m
  ↳ bin/rails:9
  [1m[36mActiveRecord::InternalMetadata Load (0.3ms)[0m  [1m[34mSELECT  "ar_internal_metadata".* FROM "ar_internal_metadata" WHERE "ar_internal_metadata"."key" = ? LIMIT ?[0m  [["key", "environment"], ["LIMIT", 1]]
  ↳ bin/rails:9
  [1m[35m (0.0ms)[0m  [1m[36mbegin transaction[0m
  ↳ bin/rails:9
  [1m[35m (0.0ms)[0m  [1m[36mcommit transaction[0m
  ↳ bin/rails:9
  [1m[35m (0.1ms)[0m  [1m[34mSELECT "schema_migrations"."version" FROM "schema_migrations" ORDER BY "schema_migrations"."version" ASC[0m
  ↳ bin/rails:9
  [1m[35m (0.1ms)[0m  [1m[34mSELECT "schema_migrations"."version" FROM "schema_migrations" ORDER BY "schema_migrations"."version" ASC[0m
  ↳ bin/rails:9
  [1m[36mUser Load (0.2ms)[0m  [1m[34mSELECT "users".* FROM "users"[0m
  ↳ db/seeds.rb:9
  [1m[35m (0.0ms)[0m  [1m[36mbegin transaction[0m
  ↳ db/seeds.rb:9
  [1m[35m (0.0ms)[0m  [1m[31mrollback transaction[0m
  ↳ db/seeds.rb:9
